2020-10-04 01:09:14.831 - INFO - 31758 - azureml.train.automl._azureautomlclient.modify_run_configuration:199 - Package azureml-train-automl missing from dependencies file.
2020-10-04 01:09:14.831 - INFO - 31758 - azureml.train.automl._azureautomlclient.modify_run_configuration:205 - Using pinned version: azureml-train-automl==1.15.0.*
2020-10-04 01:09:14.831 - INFO - 31758 - azureml.train.automl._azureautomlclient.modify_run_configuration:199 - Package pandas missing from dependencies file.
2020-10-04 01:09:14.831 - INFO - 31758 - azureml.train.automl._azureautomlclient.modify_run_configuration:205 - Using pinned version: pandas==0.25.1
2020-10-04 01:09:14.832 - INFO - 31758 - azureml.train.automl._azureautomlclient.modify_run_configuration:199 - Package psutil missing from dependencies file.
2020-10-04 01:09:14.832 - INFO - 31758 - azureml.train.automl._azureautomlclient.modify_run_configuration:205 - Using pinned version: psutil>5.0.0,<6.0.0
2020-10-04 01:09:14.832 - INFO - 31758 - azureml.train.automl._azureautomlclient.modify_run_configuration:199 - Package scikit-learn missing from dependencies file.
2020-10-04 01:09:14.832 - INFO - 31758 - azureml.train.automl._azureautomlclient.modify_run_configuration:205 - Using pinned version: scikit-learn==0.22.1
2020-10-04 01:09:14.832 - INFO - 31758 - azureml.train.automl._azureautomlclient.modify_run_configuration:199 - Package numpy missing from dependencies file.
2020-10-04 01:09:14.832 - INFO - 31758 - azureml.train.automl._azureautomlclient.modify_run_configuration:205 - Using pinned version: numpy~=1.18.0
2020-10-04 01:09:14.833 - INFO - 31758 - azureml.train.automl._azureautomlclient.modify_run_configuration:199 - Package py-xgboost missing from dependencies file.
2020-10-04 01:09:14.833 - INFO - 31758 - azureml.train.automl._azureautomlclient.modify_run_configuration:205 - Using pinned version: py-xgboost<=0.90
2020-10-04 01:09:14.833 - INFO - 31758 - azureml.train.automl._azureautomlclient.modify_run_configuration:199 - Package inference-schema missing from dependencies file.
2020-10-04 01:09:14.843 - INFO - 31758 - azureml.train.automl._azureautomlclient.modify_run_configuration:199 - Package fbprophet missing from dependencies file.
2020-10-04 01:09:14.843 - INFO - 31758 - azureml.train.automl._azureautomlclient.modify_run_configuration:205 - Using pinned version: fbprophet==0.5
2020-10-04 01:09:14.843 - INFO - 31758 - azureml.train.automl._azureautomlclient.modify_run_configuration:199 - Package setuptools-git missing from dependencies file.
2020-10-04 01:09:14.849 - INFO - 31758 - azureml.train.automl._azureautomlclient._validate_input:616 - Start data validation.
2020-10-04 01:09:18.964 - INFO - 31758 - azureml.train.automl._azureautomlclient._validate_input:627 - Validation service found the data has no errors.
2020-10-04 01:09:18.964 - INFO - 31758 - azureml.train.automl._azureautomlclient._create_parent_run_for_remote:501 - Start creating parent run.
2020-10-04 01:09:20.937 - INFO - 31758 - azureml.train.automl._azureautomlclient._create_parent_run_for_remote:521 - [ParentRunID:AutoML_43696938-4190-4a7f-a7a8-055aae3d46bd] Remote run using input X and y.
2020-10-04 01:09:22.129 - INFO - 31758 - azureml.train.automl._azureautomlclient._create_parent_run_for_remote:534 - Parent Run ID: AutoML_43696938-4190-4a7f-a7a8-055aae3d46bd
2020-10-04 01:09:22.129 - INFO - 31758 - azureml.train.automl._azureautomlclient._fit_remote_core:463 - Starting a snapshot run (snapshot_id : None)
